{"C:\\wamp64\\www\\practicas\\api-rest-store\\src\\app.js": {"path":"C:\\wamp64\\www\\practicas\\api-rest-store\\src\\app.js","all":false,"statementMap":{"0":{"start":{"line":1,"column":0},"end":{"line":1,"column":30}},"1":{"start":{"line":2,"column":0},"end":{"line":2,"column":28}},"2":{"start":{"line":3,"column":0},"end":{"line":3,"column":34}},"3":{"start":{"line":4,"column":0},"end":{"line":4,"column":50}},"4":{"start":{"line":5,"column":0},"end":{"line":5,"column":46}},"5":{"start":{"line":6,"column":0},"end":{"line":6,"column":0}},"6":{"start":{"line":7,"column":0},"end":{"line":7,"column":22}},"7":{"start":{"line":8,"column":0},"end":{"line":8,"column":14}},"8":{"start":{"line":9,"column":0},"end":{"line":9,"column":0}},"9":{"start":{"line":10,"column":0},"end":{"line":10,"column":29}},"10":{"start":{"line":11,"column":0},"end":{"line":11,"column":20}},"11":{"start":{"line":12,"column":0},"end":{"line":12,"column":0}},"12":{"start":{"line":13,"column":0},"end":{"line":13,"column":23}},"13":{"start":{"line":14,"column":0},"end":{"line":14,"column":21}},"14":{"start":{"line":15,"column":0},"end":{"line":15,"column":24}},"15":{"start":{"line":16,"column":0},"end":{"line":16,"column":0}},"16":{"start":{"line":17,"column":0},"end":{"line":17,"column":28}},"17":{"start":{"line":18,"column":0},"end":{"line":18,"column":26}},"18":{"start":{"line":19,"column":0},"end":{"line":19,"column":34}},"19":{"start":{"line":20,"column":0},"end":{"line":20,"column":38}},"20":{"start":{"line":21,"column":0},"end":{"line":21,"column":48}},"21":{"start":{"line":22,"column":0},"end":{"line":22,"column":39}},"22":{"start":{"line":23,"column":0},"end":{"line":23,"column":7}},"23":{"start":{"line":24,"column":0},"end":{"line":24,"column":3}},"24":{"start":{"line":25,"column":0},"end":{"line":25,"column":0}},"25":{"start":{"line":26,"column":0},"end":{"line":26,"column":34}},"26":{"start":{"line":27,"column":0},"end":{"line":27,"column":0}},"27":{"start":{"line":28,"column":0},"end":{"line":28,"column":19}}},"s":{"0":1,"1":1,"2":1,"3":1,"4":1,"5":1,"6":1,"7":1,"8":1,"9":1,"10":1,"11":1,"12":1,"13":1,"14":1,"15":1,"16":1,"17":1,"18":1,"19":1,"20":1,"21":1,"22":1,"23":1,"24":1,"25":1,"26":1,"27":1},"branchMap":{"0":{"type":"branch","line":17,"loc":{"start":{"line":17,"column":13},"end":{"line":24,"column":3}},"locations":[{"start":{"line":17,"column":13},"end":{"line":24,"column":3}}]}},"b":{"0":[1]},"fnMap":{},"f":{}}
,"C:\\wamp64\\www\\practicas\\api-rest-store\\src\\config.js": {"path":"C:\\wamp64\\www\\practicas\\api-rest-store\\src\\config.js","all":false,"statementMap":{"0":{"start":{"line":1,"column":0},"end":{"line":1,"column":16}},"1":{"start":{"line":2,"column":0},"end":{"line":2,"column":29}},"2":{"start":{"line":3,"column":0},"end":{"line":3,"column":41}},"3":{"start":{"line":4,"column":0},"end":{"line":4,"column":16}},"4":{"start":{"line":5,"column":0},"end":{"line":5,"column":30}},"5":{"start":{"line":6,"column":0},"end":{"line":6,"column":33}},"6":{"start":{"line":7,"column":0},"end":{"line":7,"column":31}},"7":{"start":{"line":8,"column":0},"end":{"line":8,"column":28}},"8":{"start":{"line":9,"column":0},"end":{"line":9,"column":5}},"9":{"start":{"line":10,"column":0},"end":{"line":10,"column":1}}},"s":{"0":1,"1":1,"2":1,"3":1,"4":1,"5":1,"6":1,"7":1,"8":1,"9":1},"branchMap":{},"b":{},"fnMap":{},"f":{}}
,"C:\\wamp64\\www\\practicas\\api-rest-store\\src\\controllers\\auth.controller.js": {"path":"C:\\wamp64\\www\\practicas\\api-rest-store\\src\\controllers\\auth.controller.js","all":false,"statementMap":{"0":{"start":{"line":1,"column":0},"end":{"line":1,"column":34}},"1":{"start":{"line":2,"column":0},"end":{"line":2,"column":34}},"2":{"start":{"line":3,"column":0},"end":{"line":3,"column":31}},"3":{"start":{"line":4,"column":0},"end":{"line":4,"column":31}},"4":{"start":{"line":5,"column":0},"end":{"line":5,"column":0}},"5":{"start":{"line":6,"column":0},"end":{"line":6,"column":43}},"6":{"start":{"line":7,"column":0},"end":{"line":7,"column":20}},"7":{"start":{"line":8,"column":0},"end":{"line":8,"column":72}},"8":{"start":{"line":9,"column":0},"end":{"line":9,"column":0}},"9":{"start":{"line":10,"column":0},"end":{"line":10,"column":20}},"10":{"start":{"line":11,"column":0},"end":{"line":11,"column":59}},"11":{"start":{"line":12,"column":0},"end":{"line":12,"column":83}},"12":{"start":{"line":13,"column":0},"end":{"line":13,"column":59}},"13":{"start":{"line":14,"column":0},"end":{"line":14,"column":0}},"14":{"start":{"line":15,"column":0},"end":{"line":15,"column":69}},"15":{"start":{"line":16,"column":0},"end":{"line":16,"column":0}},"16":{"start":{"line":17,"column":0},"end":{"line":17,"column":28}},"17":{"start":{"line":18,"column":0},"end":{"line":18,"column":34}},"18":{"start":{"line":19,"column":0},"end":{"line":19,"column":21}},"19":{"start":{"line":20,"column":0},"end":{"line":20,"column":18}},"20":{"start":{"line":21,"column":0},"end":{"line":21,"column":18}},"21":{"start":{"line":22,"column":0},"end":{"line":22,"column":61}},"22":{"start":{"line":23,"column":0},"end":{"line":23,"column":44}},"23":{"start":{"line":24,"column":0},"end":{"line":24,"column":36}},"24":{"start":{"line":25,"column":0},"end":{"line":25,"column":11}},"25":{"start":{"line":26,"column":0},"end":{"line":26,"column":0}},"26":{"start":{"line":27,"column":0},"end":{"line":27,"column":47}},"27":{"start":{"line":28,"column":0},"end":{"line":28,"column":30}},"28":{"start":{"line":29,"column":0},"end":{"line":29,"column":70}},"29":{"start":{"line":30,"column":0},"end":{"line":30,"column":40}},"30":{"start":{"line":31,"column":0},"end":{"line":31,"column":11}},"31":{"start":{"line":32,"column":0},"end":{"line":32,"column":0}},"32":{"start":{"line":33,"column":0},"end":{"line":33,"column":40}},"33":{"start":{"line":34,"column":0},"end":{"line":34,"column":0}},"34":{"start":{"line":35,"column":0},"end":{"line":35,"column":12}},"35":{"start":{"line":36,"column":0},"end":{"line":36,"column":25}},"36":{"start":{"line":37,"column":0},"end":{"line":37,"column":30}},"37":{"start":{"line":38,"column":0},"end":{"line":38,"column":37}},"38":{"start":{"line":39,"column":0},"end":{"line":39,"column":11}},"39":{"start":{"line":40,"column":0},"end":{"line":40,"column":5}},"40":{"start":{"line":41,"column":0},"end":{"line":41,"column":2}},"41":{"start":{"line":42,"column":0},"end":{"line":42,"column":0}},"42":{"start":{"line":43,"column":0},"end":{"line":43,"column":43}},"43":{"start":{"line":44,"column":0},"end":{"line":44,"column":0}},"44":{"start":{"line":45,"column":0},"end":{"line":45,"column":31}},"45":{"start":{"line":46,"column":0},"end":{"line":46,"column":60}},"46":{"start":{"line":47,"column":0},"end":{"line":47,"column":0}},"47":{"start":{"line":48,"column":0},"end":{"line":48,"column":23}},"48":{"start":{"line":49,"column":0},"end":{"line":49,"column":25}},"49":{"start":{"line":50,"column":0},"end":{"line":50,"column":30}},"50":{"start":{"line":51,"column":0},"end":{"line":51,"column":37}},"51":{"start":{"line":52,"column":0},"end":{"line":52,"column":11}},"52":{"start":{"line":53,"column":0},"end":{"line":53,"column":15}},"53":{"start":{"line":54,"column":0},"end":{"line":54,"column":5}},"54":{"start":{"line":55,"column":0},"end":{"line":55,"column":0}},"55":{"start":{"line":56,"column":0},"end":{"line":56,"column":37}},"56":{"start":{"line":57,"column":0},"end":{"line":57,"column":1}}},"s":{"0":1,"1":1,"2":1,"3":1,"4":1,"5":1,"6":1,"7":1,"8":1,"9":1,"10":1,"11":1,"12":1,"13":1,"14":1,"15":1,"16":1,"17":1,"18":1,"19":1,"20":1,"21":1,"22":1,"23":1,"24":1,"25":1,"26":1,"27":1,"28":1,"29":1,"30":1,"31":1,"32":1,"33":1,"34":1,"35":1,"36":1,"37":1,"38":1,"39":1,"40":1,"41":1,"42":1,"43":0,"44":0,"45":0,"46":0,"47":0,"48":0,"49":0,"50":0,"51":0,"52":0,"53":0,"54":0,"55":1,"56":1},"branchMap":{"0":{"type":"branch","line":6,"loc":{"start":{"line":6,"column":19},"end":{"line":6,"column":22}},"locations":[{"start":{"line":6,"column":19},"end":{"line":6,"column":22}}]},"1":{"type":"branch","line":6,"loc":{"start":{"line":6,"column":22},"end":{"line":6,"column":29}},"locations":[{"start":{"line":6,"column":22},"end":{"line":6,"column":29}}]},"2":{"type":"branch","line":6,"loc":{"start":{"line":6,"column":22},"end":{"line":6,"column":29}},"locations":[{"start":{"line":6,"column":22},"end":{"line":6,"column":29}}]},"3":{"type":"branch","line":6,"loc":{"start":{"line":6,"column":22},"end":{"line":6,"column":29}},"locations":[{"start":{"line":6,"column":22},"end":{"line":6,"column":29}}]},"4":{"type":"branch","line":6,"loc":{"start":{"line":6,"column":22},"end":{"line":6,"column":29}},"locations":[{"start":{"line":6,"column":22},"end":{"line":6,"column":29}}]},"5":{"type":"branch","line":15,"loc":{"start":{"line":15,"column":26},"end":{"line":15,"column":48}},"locations":[{"start":{"line":15,"column":26},"end":{"line":15,"column":48}}]},"6":{"type":"branch","line":15,"loc":{"start":{"line":15,"column":9},"end":{"line":15,"column":69}},"locations":[{"start":{"line":15,"column":9},"end":{"line":15,"column":69}}]},"7":{"type":"branch","line":6,"loc":{"start":{"line":6,"column":22},"end":{"line":6,"column":29}},"locations":[{"start":{"line":6,"column":22},"end":{"line":6,"column":29}}]},"8":{"type":"branch","line":6,"loc":{"start":{"line":6,"column":22},"end":{"line":6,"column":29}},"locations":[{"start":{"line":6,"column":22},"end":{"line":6,"column":29}}]},"9":{"type":"branch","line":6,"loc":{"start":{"line":6,"column":22},"end":{"line":6,"column":29}},"locations":[{"start":{"line":6,"column":22},"end":{"line":6,"column":29}}]},"10":{"type":"branch","line":6,"loc":{"start":{"line":6,"column":22},"end":{"line":6,"column":29}},"locations":[{"start":{"line":6,"column":22},"end":{"line":6,"column":29}}]},"11":{"type":"branch","line":6,"loc":{"start":{"line":6,"column":22},"end":{"line":37,"column":11}},"locations":[{"start":{"line":6,"column":22},"end":{"line":37,"column":11}}]},"12":{"type":"branch","line":6,"loc":{"start":{"line":6,"column":22},"end":{"line":6,"column":29}},"locations":[{"start":{"line":6,"column":22},"end":{"line":6,"column":29}}]},"13":{"type":"branch","line":6,"loc":{"start":{"line":6,"column":22},"end":{"line":6,"column":29}},"locations":[{"start":{"line":6,"column":22},"end":{"line":6,"column":29}}]},"14":{"type":"branch","line":6,"loc":{"start":{"line":6,"column":19},"end":{"line":6,"column":22}},"locations":[{"start":{"line":6,"column":19},"end":{"line":6,"column":22}}]},"15":{"type":"branch","line":43,"loc":{"start":{"line":43,"column":19},"end":{"line":43,"column":22}},"locations":[{"start":{"line":43,"column":19},"end":{"line":43,"column":22}}]},"16":{"type":"branch","line":43,"loc":{"start":{"line":43,"column":22},"end":{"line":43,"column":29}},"locations":[{"start":{"line":43,"column":22},"end":{"line":43,"column":29}}]},"17":{"type":"branch","line":43,"loc":{"start":{"line":43,"column":22},"end":{"line":43,"column":29}},"locations":[{"start":{"line":43,"column":22},"end":{"line":43,"column":29}}]},"18":{"type":"branch","line":43,"loc":{"start":{"line":43,"column":22},"end":{"line":46,"column":42}},"locations":[{"start":{"line":43,"column":22},"end":{"line":46,"column":42}}]},"19":{"type":"branch","line":43,"loc":{"start":{"line":43,"column":22},"end":{"line":43,"column":29}},"locations":[{"start":{"line":43,"column":22},"end":{"line":43,"column":29}}]},"20":{"type":"branch","line":43,"loc":{"start":{"line":43,"column":22},"end":{"line":43,"column":29}},"locations":[{"start":{"line":43,"column":22},"end":{"line":43,"column":29}}]},"21":{"type":"branch","line":43,"loc":{"start":{"line":43,"column":22},"end":{"line":56,"column":7}},"locations":[{"start":{"line":43,"column":22},"end":{"line":56,"column":7}}]},"22":{"type":"branch","line":43,"loc":{"start":{"line":43,"column":22},"end":{"line":43,"column":29}},"locations":[{"start":{"line":43,"column":22},"end":{"line":43,"column":29}}]},"23":{"type":"branch","line":43,"loc":{"start":{"line":43,"column":22},"end":{"line":43,"column":29}},"locations":[{"start":{"line":43,"column":22},"end":{"line":43,"column":29}}]},"24":{"type":"branch","line":43,"loc":{"start":{"line":43,"column":19},"end":{"line":43,"column":22}},"locations":[{"start":{"line":43,"column":19},"end":{"line":43,"column":22}}]}},"b":{"0":[2],"1":[2],"2":[5],"3":[7],"4":[2],"5":[1],"6":[1],"7":[1],"8":[1],"9":[1],"10":[1],"11":[1],"12":[2],"13":[2],"14":[2],"15":[2],"16":[1],"17":[3],"18":[1],"19":[1],"20":[0],"21":[0],"22":[0],"23":[1],"24":[1]},"fnMap":{"0":{"name":"_callee","decl":{"start":{"line":6,"column":22},"end":{"line":6,"column":29}},"loc":{"start":{"line":6,"column":22},"end":{"line":6,"column":29}},"line":6},"1":{"name":"_callee$","decl":{"start":{"line":6,"column":22},"end":{"line":6,"column":29}},"loc":{"start":{"line":6,"column":22},"end":{"line":6,"column":29}},"line":6},"2":{"name":"signUp","decl":{"start":{"line":6,"column":19},"end":{"line":6,"column":22}},"loc":{"start":{"line":6,"column":19},"end":{"line":6,"column":22}},"line":6},"3":{"name":"_callee2","decl":{"start":{"line":43,"column":22},"end":{"line":43,"column":29}},"loc":{"start":{"line":43,"column":22},"end":{"line":43,"column":29}},"line":43},"4":{"name":"_callee2$","decl":{"start":{"line":43,"column":22},"end":{"line":43,"column":29}},"loc":{"start":{"line":43,"column":22},"end":{"line":43,"column":29}},"line":43},"5":{"name":"signIn","decl":{"start":{"line":43,"column":19},"end":{"line":43,"column":22}},"loc":{"start":{"line":43,"column":19},"end":{"line":43,"column":22}},"line":43}},"f":{"0":2,"1":5,"2":2,"3":1,"4":3,"5":1}}
,"C:\\wamp64\\www\\practicas\\api-rest-store\\src\\libs\\initialSetup.js": {"path":"C:\\wamp64\\www\\practicas\\api-rest-store\\src\\libs\\initialSetup.js","all":false,"statementMap":{"0":{"start":{"line":1,"column":0},"end":{"line":1,"column":34}},"1":{"start":{"line":2,"column":0},"end":{"line":2,"column":0}},"2":{"start":{"line":3,"column":0},"end":{"line":3,"column":40}},"3":{"start":{"line":4,"column":0},"end":{"line":4,"column":4}},"4":{"start":{"line":5,"column":0},"end":{"line":5,"column":9}},"5":{"start":{"line":6,"column":0},"end":{"line":6,"column":58}},"6":{"start":{"line":7,"column":0},"end":{"line":7,"column":4}},"7":{"start":{"line":8,"column":0},"end":{"line":8,"column":25}},"8":{"start":{"line":9,"column":0},"end":{"line":9,"column":19}},"9":{"start":{"line":10,"column":0},"end":{"line":10,"column":9}},"10":{"start":{"line":11,"column":0},"end":{"line":11,"column":0}},"11":{"start":{"line":12,"column":0},"end":{"line":12,"column":42}},"12":{"start":{"line":13,"column":0},"end":{"line":13,"column":45}},"13":{"start":{"line":14,"column":0},"end":{"line":14,"column":50}},"14":{"start":{"line":15,"column":0},"end":{"line":15,"column":45}},"15":{"start":{"line":16,"column":0},"end":{"line":16,"column":11}},"16":{"start":{"line":17,"column":0},"end":{"line":17,"column":0}},"17":{"start":{"line":18,"column":0},"end":{"line":18,"column":21}},"18":{"start":{"line":19,"column":0},"end":{"line":19,"column":30}},"19":{"start":{"line":20,"column":0},"end":{"line":20,"column":5}},"20":{"start":{"line":21,"column":0},"end":{"line":21,"column":2}}},"s":{"0":1,"1":1,"2":1,"3":0,"4":0,"5":0,"6":0,"7":0,"8":0,"9":0,"10":0,"11":0,"12":0,"13":0,"14":0,"15":0,"16":0,"17":0,"18":1,"19":1,"20":1},"branchMap":{"0":{"type":"branch","line":3,"loc":{"start":{"line":3,"column":24},"end":{"line":3,"column":27}},"locations":[{"start":{"line":3,"column":24},"end":{"line":3,"column":27}}]},"1":{"type":"branch","line":3,"loc":{"start":{"line":3,"column":27},"end":{"line":3,"column":40}},"locations":[{"start":{"line":3,"column":27},"end":{"line":3,"column":40}}]},"2":{"type":"branch","line":3,"loc":{"start":{"line":3,"column":27},"end":{"line":3,"column":40}},"locations":[{"start":{"line":3,"column":27},"end":{"line":3,"column":40}}]},"3":{"type":"branch","line":3,"loc":{"start":{"line":3,"column":27},"end":{"line":3,"column":40}},"locations":[{"start":{"line":3,"column":27},"end":{"line":3,"column":40}}]},"4":{"type":"branch","line":3,"loc":{"start":{"line":3,"column":27},"end":{"line":3,"column":40}},"locations":[{"start":{"line":3,"column":27},"end":{"line":3,"column":40}}]},"5":{"type":"branch","line":3,"loc":{"start":{"line":3,"column":27},"end":{"line":3,"column":40}},"locations":[{"start":{"line":3,"column":27},"end":{"line":3,"column":40}}]},"6":{"type":"branch","line":3,"loc":{"start":{"line":3,"column":27},"end":{"line":15,"column":23}},"locations":[{"start":{"line":3,"column":27},"end":{"line":15,"column":23}}]},"7":{"type":"branch","line":3,"loc":{"start":{"line":3,"column":27},"end":{"line":3,"column":40}},"locations":[{"start":{"line":3,"column":27},"end":{"line":3,"column":40}}]},"8":{"type":"branch","line":3,"loc":{"start":{"line":3,"column":27},"end":{"line":19,"column":15}},"locations":[{"start":{"line":3,"column":27},"end":{"line":19,"column":15}}]},"9":{"type":"branch","line":3,"loc":{"start":{"line":3,"column":27},"end":{"line":3,"column":40}},"locations":[{"start":{"line":3,"column":27},"end":{"line":3,"column":40}}]},"10":{"type":"branch","line":3,"loc":{"start":{"line":3,"column":27},"end":{"line":3,"column":40}},"locations":[{"start":{"line":3,"column":27},"end":{"line":3,"column":40}}]},"11":{"type":"branch","line":3,"loc":{"start":{"line":3,"column":24},"end":{"line":3,"column":27}},"locations":[{"start":{"line":3,"column":24},"end":{"line":3,"column":27}}]}},"b":{"0":[2],"1":[2],"2":[4],"3":[2],"4":[1],"5":[0],"6":[0],"7":[0],"8":[0],"9":[0],"10":[1],"11":[2]},"fnMap":{"0":{"name":"_callee","decl":{"start":{"line":3,"column":27},"end":{"line":3,"column":40}},"loc":{"start":{"line":3,"column":27},"end":{"line":3,"column":40}},"line":3},"1":{"name":"_callee$","decl":{"start":{"line":3,"column":27},"end":{"line":3,"column":40}},"loc":{"start":{"line":3,"column":27},"end":{"line":3,"column":40}},"line":3},"2":{"name":"createRoles","decl":{"start":{"line":3,"column":24},"end":{"line":3,"column":27}},"loc":{"start":{"line":3,"column":24},"end":{"line":3,"column":27}},"line":3}},"f":{"0":2,"1":4,"2":2}}
,"C:\\wamp64\\www\\practicas\\api-rest-store\\src\\models\\Role.js": {"path":"C:\\wamp64\\www\\practicas\\api-rest-store\\src\\models\\Role.js","all":false,"statementMap":{"0":{"start":{"line":1,"column":0},"end":{"line":1,"column":41}},"1":{"start":{"line":2,"column":0},"end":{"line":2,"column":0}},"2":{"start":{"line":3,"column":0},"end":{"line":3,"column":31}},"3":{"start":{"line":4,"column":0},"end":{"line":4,"column":16}},"4":{"start":{"line":5,"column":0},"end":{"line":5,"column":4}},"5":{"start":{"line":6,"column":0},"end":{"line":6,"column":21}},"6":{"start":{"line":7,"column":0},"end":{"line":7,"column":3}},"7":{"start":{"line":8,"column":0},"end":{"line":8,"column":0}},"8":{"start":{"line":9,"column":0},"end":{"line":9,"column":41}}},"s":{"0":1,"1":1,"2":1,"3":1,"4":1,"5":1,"6":1,"7":1,"8":1},"branchMap":{},"b":{},"fnMap":{},"f":{}}
,"C:\\wamp64\\www\\practicas\\api-rest-store\\src\\models\\User.js": {"path":"C:\\wamp64\\www\\practicas\\api-rest-store\\src\\models\\User.js","all":false,"statementMap":{"0":{"start":{"line":1,"column":0},"end":{"line":1,"column":41}},"1":{"start":{"line":2,"column":0},"end":{"line":2,"column":29}},"2":{"start":{"line":3,"column":0},"end":{"line":3,"column":26}},"3":{"start":{"line":4,"column":0},"end":{"line":4,"column":0}},"4":{"start":{"line":5,"column":0},"end":{"line":5,"column":31}},"5":{"start":{"line":6,"column":0},"end":{"line":6,"column":14}},"6":{"start":{"line":7,"column":0},"end":{"line":7,"column":20}},"7":{"start":{"line":8,"column":0},"end":{"line":8,"column":35}},"8":{"start":{"line":9,"column":0},"end":{"line":9,"column":7}},"9":{"start":{"line":10,"column":0},"end":{"line":10,"column":21}},"10":{"start":{"line":11,"column":0},"end":{"line":11,"column":12}},"11":{"start":{"line":12,"column":0},"end":{"line":12,"column":21}},"12":{"start":{"line":13,"column":0},"end":{"line":13,"column":20}},"13":{"start":{"line":14,"column":0},"end":{"line":14,"column":6}},"14":{"start":{"line":15,"column":0},"end":{"line":15,"column":15}},"15":{"start":{"line":16,"column":0},"end":{"line":16,"column":21}},"16":{"start":{"line":17,"column":0},"end":{"line":17,"column":23}},"17":{"start":{"line":18,"column":0},"end":{"line":18,"column":6}},"18":{"start":{"line":19,"column":0},"end":{"line":19,"column":18}},"19":{"start":{"line":20,"column":0},"end":{"line":20,"column":24}},"20":{"start":{"line":21,"column":0},"end":{"line":21,"column":19}},"21":{"start":{"line":22,"column":0},"end":{"line":22,"column":4}},"22":{"start":{"line":23,"column":0},"end":{"line":23,"column":21}},"23":{"start":{"line":24,"column":0},"end":{"line":24,"column":21}},"24":{"start":{"line":25,"column":0},"end":{"line":25,"column":3}},"25":{"start":{"line":26,"column":0},"end":{"line":26,"column":0}},"26":{"start":{"line":27,"column":0},"end":{"line":27,"column":61}},"27":{"start":{"line":28,"column":0},"end":{"line":28,"column":58}},"28":{"start":{"line":29,"column":0},"end":{"line":29,"column":42}},"29":{"start":{"line":30,"column":0},"end":{"line":30,"column":46}},"30":{"start":{"line":31,"column":0},"end":{"line":31,"column":1}},"31":{"start":{"line":32,"column":0},"end":{"line":32,"column":0}},"32":{"start":{"line":33,"column":0},"end":{"line":33,"column":76}},"33":{"start":{"line":34,"column":0},"end":{"line":34,"column":60}},"34":{"start":{"line":35,"column":0},"end":{"line":35,"column":1}},"35":{"start":{"line":36,"column":0},"end":{"line":36,"column":0}},"36":{"start":{"line":37,"column":0},"end":{"line":37,"column":45}},"37":{"start":{"line":38,"column":0},"end":{"line":38,"column":60}},"38":{"start":{"line":39,"column":0},"end":{"line":39,"column":25}},"39":{"start":{"line":40,"column":0},"end":{"line":40,"column":1}},"40":{"start":{"line":41,"column":0},"end":{"line":41,"column":0}},"41":{"start":{"line":42,"column":0},"end":{"line":42,"column":42}}},"s":{"0":1,"1":1,"2":1,"3":1,"4":1,"5":1,"6":1,"7":1,"8":1,"9":1,"10":1,"11":1,"12":1,"13":1,"14":1,"15":1,"16":1,"17":1,"18":1,"19":1,"20":1,"21":1,"22":1,"23":1,"24":1,"25":1,"26":1,"27":1,"28":1,"29":1,"30":1,"31":1,"32":1,"33":1,"34":1,"35":1,"36":1,"37":1,"38":1,"39":1,"40":1,"41":1},"branchMap":{"0":{"type":"branch","line":28,"loc":{"start":{"line":28,"column":0},"end":{"line":28,"column":10}},"locations":[{"start":{"line":28,"column":0},"end":{"line":28,"column":10}}]},"1":{"type":"branch","line":28,"loc":{"start":{"line":28,"column":37},"end":{"line":28,"column":44}},"locations":[{"start":{"line":28,"column":37},"end":{"line":28,"column":44}}]},"2":{"type":"branch","line":28,"loc":{"start":{"line":28,"column":37},"end":{"line":28,"column":44}},"locations":[{"start":{"line":28,"column":37},"end":{"line":28,"column":44}}]},"3":{"type":"branch","line":28,"loc":{"start":{"line":28,"column":37},"end":{"line":28,"column":44}},"locations":[{"start":{"line":28,"column":37},"end":{"line":28,"column":44}}]},"4":{"type":"branch","line":28,"loc":{"start":{"line":28,"column":37},"end":{"line":28,"column":44}},"locations":[{"start":{"line":28,"column":37},"end":{"line":28,"column":44}}]},"5":{"type":"branch","line":28,"loc":{"start":{"line":28,"column":37},"end":{"line":28,"column":44}},"locations":[{"start":{"line":28,"column":37},"end":{"line":28,"column":44}}]},"6":{"type":"branch","line":28,"loc":{"start":{"line":28,"column":37},"end":{"line":28,"column":44}},"locations":[{"start":{"line":28,"column":37},"end":{"line":28,"column":44}}]},"7":{"type":"branch","line":28,"loc":{"start":{"line":28,"column":37},"end":{"line":28,"column":44}},"locations":[{"start":{"line":28,"column":37},"end":{"line":28,"column":44}}]},"8":{"type":"branch","line":28,"loc":{"start":{"line":28,"column":0},"end":{"line":28,"column":10}},"locations":[{"start":{"line":28,"column":0},"end":{"line":28,"column":10}}]},"9":{"type":"branch","line":33,"loc":{"start":{"line":33,"column":0},"end":{"line":33,"column":10}},"locations":[{"start":{"line":33,"column":0},"end":{"line":33,"column":10}}]},"10":{"type":"branch","line":37,"loc":{"start":{"line":37,"column":32},"end":{"line":37,"column":10}},"locations":[{"start":{"line":37,"column":32},"end":{"line":37,"column":10}}]},"11":{"type":"branch","line":37,"loc":{"start":{"line":37,"column":32},"end":{"line":37,"column":45}},"locations":[{"start":{"line":37,"column":32},"end":{"line":37,"column":45}}]},"12":{"type":"branch","line":37,"loc":{"start":{"line":37,"column":32},"end":{"line":38,"column":43}},"locations":[{"start":{"line":37,"column":32},"end":{"line":38,"column":43}}]},"13":{"type":"branch","line":37,"loc":{"start":{"line":37,"column":32},"end":{"line":37,"column":45}},"locations":[{"start":{"line":37,"column":32},"end":{"line":37,"column":45}}]},"14":{"type":"branch","line":37,"loc":{"start":{"line":37,"column":32},"end":{"line":37,"column":45}},"locations":[{"start":{"line":37,"column":32},"end":{"line":37,"column":45}}]},"15":{"type":"branch","line":37,"loc":{"start":{"line":37,"column":32},"end":{"line":37,"column":45}},"locations":[{"start":{"line":37,"column":32},"end":{"line":37,"column":45}}]}},"b":{"0":[2],"1":[1],"2":[4],"3":[1],"4":[1],"5":[1],"6":[0],"7":[1],"8":[1],"9":[2],"10":[1],"11":[3],"12":[1],"13":[1],"14":[0],"15":[1]},"fnMap":{"0":{"name":"_callee","decl":{"start":{"line":28,"column":37},"end":{"line":28,"column":44}},"loc":{"start":{"line":28,"column":37},"end":{"line":28,"column":44}},"line":28},"1":{"name":"_callee$","decl":{"start":{"line":28,"column":37},"end":{"line":28,"column":44}},"loc":{"start":{"line":28,"column":37},"end":{"line":28,"column":44}},"line":28},"2":{"name":"_callee2","decl":{"start":{"line":33,"column":37},"end":{"line":33,"column":44}},"loc":{"start":{"line":33,"column":37},"end":{"line":33,"column":44}},"line":33},"3":{"name":"_callee3","decl":{"start":{"line":37,"column":32},"end":{"line":37,"column":10}},"loc":{"start":{"line":37,"column":32},"end":{"line":37,"column":10}},"line":37},"4":{"name":"_callee3$","decl":{"start":{"line":37,"column":32},"end":{"line":37,"column":45}},"loc":{"start":{"line":37,"column":32},"end":{"line":37,"column":45}},"line":37}},"f":{"0":1,"1":4,"2":0,"3":1,"4":3}}
,"C:\\wamp64\\www\\practicas\\api-rest-store\\src\\routes\\auth.routes.js": {"path":"C:\\wamp64\\www\\practicas\\api-rest-store\\src\\routes\\auth.routes.js","all":false,"statementMap":{"0":{"start":{"line":1,"column":0},"end":{"line":1,"column":33}},"1":{"start":{"line":2,"column":0},"end":{"line":2,"column":0}},"2":{"start":{"line":3,"column":0},"end":{"line":3,"column":59}},"3":{"start":{"line":4,"column":0},"end":{"line":4,"column":0}},"4":{"start":{"line":5,"column":0},"end":{"line":5,"column":24}},"5":{"start":{"line":6,"column":0},"end":{"line":6,"column":0}},"6":{"start":{"line":7,"column":0},"end":{"line":7,"column":41}},"7":{"start":{"line":8,"column":0},"end":{"line":8,"column":41}},"8":{"start":{"line":9,"column":0},"end":{"line":9,"column":0}},"9":{"start":{"line":10,"column":0},"end":{"line":10,"column":22}}},"s":{"0":1,"1":1,"2":1,"3":1,"4":1,"5":1,"6":1,"7":1,"8":1,"9":1},"branchMap":{},"b":{},"fnMap":{},"f":{}}
}
