TN:
SF:src\app.js
FNF:0
FNH:0
DA:1,1
DA:2,1
DA:3,1
DA:4,1
DA:5,1
DA:6,1
DA:7,1
DA:8,1
DA:9,1
DA:10,1
DA:11,1
DA:12,1
DA:13,1
DA:14,1
DA:15,1
DA:16,1
DA:17,1
DA:18,1
DA:19,1
DA:20,1
DA:21,1
DA:22,1
DA:23,1
DA:24,1
DA:25,1
DA:26,1
DA:27,1
DA:28,1
LF:28
LH:28
BRDA:17,0,0,1
BRF:1
BRH:1
end_of_record
TN:
SF:src\config.js
FNF:0
FNH:0
DA:1,1
DA:2,1
DA:3,1
DA:4,1
DA:5,1
DA:6,1
DA:7,1
DA:8,1
DA:9,1
DA:10,1
LF:10
LH:10
BRF:0
BRH:0
end_of_record
TN:
SF:src\controllers\auth.controller.js
FN:6,_callee
FN:6,_callee$
FN:6,signUp
FN:43,_callee2
FN:43,_callee2$
FN:43,signIn
FNF:6
FNH:6
FNDA:2,_callee
FNDA:5,_callee$
FNDA:2,signUp
FNDA:1,_callee2
FNDA:3,_callee2$
FNDA:1,signIn
DA:1,1
DA:2,1
DA:3,1
DA:4,1
DA:5,1
DA:6,1
DA:7,1
DA:8,1
DA:9,1
DA:10,1
DA:11,1
DA:12,1
DA:13,1
DA:14,1
DA:15,1
DA:16,1
DA:17,1
DA:18,1
DA:19,1
DA:20,1
DA:21,1
DA:22,1
DA:23,1
DA:24,1
DA:25,1
DA:26,1
DA:27,1
DA:28,1
DA:29,1
DA:30,1
DA:31,1
DA:32,1
DA:33,1
DA:34,1
DA:35,1
DA:36,1
DA:37,1
DA:38,1
DA:39,1
DA:40,1
DA:41,1
DA:42,1
DA:43,1
DA:44,0
DA:45,0
DA:46,0
DA:47,0
DA:48,0
DA:49,0
DA:50,0
DA:51,0
DA:52,0
DA:53,0
DA:54,0
DA:55,0
DA:56,1
DA:57,1
LF:57
LH:45
BRDA:6,0,0,2
BRDA:6,1,0,2
BRDA:6,2,0,5
BRDA:6,3,0,7
BRDA:6,4,0,2
BRDA:15,5,0,1
BRDA:15,6,0,1
BRDA:6,7,0,1
BRDA:6,8,0,1
BRDA:6,9,0,1
BRDA:6,10,0,1
BRDA:6,11,0,1
BRDA:6,12,0,2
BRDA:6,13,0,2
BRDA:6,14,0,2
BRDA:43,15,0,2
BRDA:43,16,0,1
BRDA:43,17,0,3
BRDA:43,18,0,1
BRDA:43,19,0,1
BRDA:43,20,0,0
BRDA:43,21,0,0
BRDA:43,22,0,0
BRDA:43,23,0,1
BRDA:43,24,0,1
BRF:25
BRH:22
end_of_record
TN:
SF:src\libs\initialSetup.js
FN:3,_callee
FN:3,_callee$
FN:3,createRoles
FNF:3
FNH:3
FNDA:2,_callee
FNDA:4,_callee$
FNDA:2,createRoles
DA:1,1
DA:2,1
DA:3,1
DA:4,0
DA:5,0
DA:6,0
DA:7,0
DA:8,0
DA:9,0
DA:10,0
DA:11,0
DA:12,0
DA:13,0
DA:14,0
DA:15,0
DA:16,0
DA:17,0
DA:18,0
DA:19,1
DA:20,1
DA:21,1
LF:21
LH:6
BRDA:3,0,0,2
BRDA:3,1,0,2
BRDA:3,2,0,4
BRDA:3,3,0,2
BRDA:3,4,0,1
BRDA:3,5,0,0
BRDA:3,6,0,0
BRDA:3,7,0,0
BRDA:3,8,0,0
BRDA:3,9,0,0
BRDA:3,10,0,1
BRDA:3,11,0,2
BRF:12
BRH:7
end_of_record
TN:
SF:src\models\Role.js
FNF:0
FNH:0
DA:1,1
DA:2,1
DA:3,1
DA:4,1
DA:5,1
DA:6,1
DA:7,1
DA:8,1
DA:9,1
LF:9
LH:9
BRF:0
BRH:0
end_of_record
TN:
SF:src\models\User.js
FN:28,_callee
FN:28,_callee$
FN:33,_callee2
FN:37,_callee3
FN:37,_callee3$
FNF:5
FNH:4
FNDA:1,_callee
FNDA:4,_callee$
FNDA:0,_callee2
FNDA:1,_callee3
FNDA:3,_callee3$
DA:1,1
DA:2,1
DA:3,1
DA:4,1
DA:5,1
DA:6,1
DA:7,1
DA:8,1
DA:9,1
DA:10,1
DA:11,1
DA:12,1
DA:13,1
DA:14,1
DA:15,1
DA:16,1
DA:17,1
DA:18,1
DA:19,1
DA:20,1
DA:21,1
DA:22,1
DA:23,1
DA:24,1
DA:25,1
DA:26,1
DA:27,1
DA:28,1
DA:29,1
DA:30,1
DA:31,1
DA:32,1
DA:33,1
DA:34,1
DA:35,1
DA:36,1
DA:37,1
DA:38,1
DA:39,1
DA:40,1
DA:41,1
DA:42,1
LF:42
LH:42
BRDA:28,0,0,2
BRDA:28,1,0,1
BRDA:28,2,0,4
BRDA:28,3,0,1
BRDA:28,4,0,1
BRDA:28,5,0,1
BRDA:28,6,0,0
BRDA:28,7,0,1
BRDA:28,8,0,1
BRDA:33,9,0,2
BRDA:37,10,0,1
BRDA:37,11,0,3
BRDA:37,12,0,1
BRDA:37,13,0,1
BRDA:37,14,0,0
BRDA:37,15,0,1
BRF:16
BRH:14
end_of_record
TN:
SF:src\routes\auth.routes.js
FNF:0
FNH:0
DA:1,1
DA:2,1
DA:3,1
DA:4,1
DA:5,1
DA:6,1
DA:7,1
DA:8,1
DA:9,1
DA:10,1
LF:10
LH:10
BRF:0
BRH:0
end_of_record
